Traceback (most recent call last):
  File "/Users/guy/miniconda3/lib/python3.8/site-packages/jupyter_cache/executors/utils.py", line 51, in single_nb_execution
    executenb(
  File "/Users/guy/miniconda3/lib/python3.8/site-packages/nbclient/client.py", line 1087, in execute
    return NotebookClient(nb=nb, resources=resources, km=km, **kwargs).execute()
  File "/Users/guy/miniconda3/lib/python3.8/site-packages/nbclient/util.py", line 74, in wrapped
    return just_run(coro(*args, **kwargs))
  File "/Users/guy/miniconda3/lib/python3.8/site-packages/nbclient/util.py", line 53, in just_run
    return loop.run_until_complete(coro)
  File "/Users/guy/miniconda3/lib/python3.8/asyncio/base_events.py", line 616, in run_until_complete
    return future.result()
  File "/Users/guy/miniconda3/lib/python3.8/site-packages/nbclient/client.py", line 540, in async_execute
    await self.async_execute_cell(
  File "/Users/guy/miniconda3/lib/python3.8/site-packages/nbclient/client.py", line 832, in async_execute_cell
    self._check_raise_for_error(cell, exec_reply)
  File "/Users/guy/miniconda3/lib/python3.8/site-packages/nbclient/client.py", line 740, in _check_raise_for_error
    raise CellExecutionError.from_cell_and_msg(cell, exec_reply['content'])
nbclient.exceptions.CellExecutionError: An error occurred while executing the following cell:
------------------
import numpy as np 
import datetime

np.busday_count(new_year, now + datetime.timedelta(days=1))

------------------

[0;31m---------------------------------------------------------------------------[0m
[0;31mTypeError[0m                                 Traceback (most recent call last)
[0;32m<ipython-input-4-67b16334037d>[0m in [0;36m<module>[0;34m[0m
[1;32m      2[0m [0;32mimport[0m [0mdatetime[0m[0;34m[0m[0;34m[0m[0m
[1;32m      3[0m [0;34m[0m[0m
[0;32m----> 4[0;31m [0mnp[0m[0;34m.[0m[0mbusday_count[0m[0;34m([0m[0mnew_year[0m[0;34m,[0m [0mnow[0m [0;34m+[0m [0mdatetime[0m[0;34m.[0m[0mtimedelta[0m[0;34m([0m[0mdays[0m[0;34m=[0m[0;36m1[0m[0;34m)[0m[0;34m)[0m[0;34m[0m[0;34m[0m[0m
[0m
[0;32m<__array_function__ internals>[0m in [0;36mbusday_count[0;34m(*args, **kwargs)[0m

[0;31mTypeError[0m: Iterator operand 0 dtype could not be cast from dtype('<M8[us]') to dtype('<M8[D]') according to the rule 'safe'
TypeError: Iterator operand 0 dtype could not be cast from dtype('<M8[us]') to dtype('<M8[D]') according to the rule 'safe'

